+ flutter pub get
Resolving dependencies...
Downloading packages...
  _fe_analyzer_shared 67.0.0 (100.0.0 available)
  analyzer 6.4.1 (13.0.0 available)
  analyzer_plugin 0.11.3 (0.14.9 available)
  audio_session 0.1.25 (0.2.3 available)
  build 2.4.1 (4.0.6 available)
  build_config 1.1.2 (1.3.0 available)
  build_resolvers 2.4.2 (3.0.4 available)
  build_runner 2.4.13 (2.15.0 available)
  build_runner_core 7.3.2 (9.3.2 available)
  connectivity_plus 6.1.5 (7.1.1 available)
  custom_lint_core 0.6.3 (0.8.2 available)
  dart_style 2.3.6 (3.1.9 available)
  dbus 0.7.12 (0.7.13 available)
  file_picker 8.3.7 (11.0.2 available)
  flutter_lints 3.0.2 (6.0.0 available)
  flutter_riverpod 2.6.1 (3.3.1 available)
  flutter_secure_storage 9.2.4 (10.2.0 available)
  flutter_secure_storage_linux 1.2.3 (3.0.0 available)
  flutter_secure_storage_macos 3.1.3 (4.0.0 available)
  flutter_secure_storage_platform_interface 1.1.2 (2.0.1 available)
  flutter_secure_storage_web 1.2.1 (2.1.1 available)
  flutter_secure_storage_windows 3.1.2 (4.2.2 available)
  freezed 2.5.2 (3.2.5 available)
  freezed_annotation 2.4.4 (3.1.0 available)
  go_router 13.2.5 (17.2.3 available)
  js 0.6.7 (0.7.2 available)
  json_annotation 4.9.0 (4.12.0 available)
  json_serializable 6.8.0 (6.14.0 available)
  just_audio 0.9.46 (0.10.5 available)
  latlong2 0.9.1 (0.10.1 available)
  lints 3.0.0 (6.1.0 available)
  matcher 0.12.19 (0.12.20 available)
  meta 1.17.0 (1.18.2 available)
  package_info_plus 9.0.1 (10.1.0 available)
  package_info_plus_platform_interface 3.2.1 (4.1.0 available)
  protobuf 3.1.0 (6.0.0 available)
  qr 3.0.2 (4.0.0 available)
  record 5.2.1 (6.2.0 available)
! record_linux 1.3.0 (overridden)
  retrofit_generator 8.2.1 (10.2.6 available)
  riverpod 2.6.1 (3.2.1 available)
  riverpod_analyzer_utils 0.5.1 (0.5.10 available)
  riverpod_annotation 2.6.1 (4.0.2 available)
  riverpod_generator 2.4.0 (4.0.3 available)
  shelf_web_socket 2.0.1 (3.0.0 available)
  source_gen 1.5.0 (4.2.3 available)
  source_helper 1.3.5 (1.3.12 available)
  sse_channel 0.1.1 (0.2.2 available)
  test_api 0.7.10 (0.7.12 available)
  vector_math 2.2.0 (2.3.0 available)
  win32 5.15.0 (6.3.0 available)
  xml 6.6.1 (7.0.1 available)
Got dependencies!
51 packages have newer versions incompatible with dependency constraints.
Try `flutter pub outdated` for more information.
PASS flutter pub get (2s)
