+ flutter analyze --no-fatal-warnings --no-fatal-infos lib
Resolving dependencies...
Downloading packages...
  _fe_analyzer_shared 67.0.0 (101.0.0 available)
  analyzer 6.4.1 (13.1.0 available)
  analyzer_plugin 0.11.3 (0.14.10 available)
  audio_session 0.1.25 (0.2.3 available)
  audioplayers 6.6.0 (6.7.1 available)
  audioplayers_web 5.2.0 (5.2.1 available)
  audioplayers_windows 4.3.0 (4.3.1 available)
  build 2.4.1 (4.0.6 available)
  build_config 1.1.2 (1.3.0 available)
  build_resolvers 2.4.2 (3.0.4 available)
  build_runner 2.4.13 (2.15.0 available)
  build_runner_core 7.3.2 (9.3.2 available)
  code_assets 1.1.0 (1.2.1 available)
  connectivity_plus 6.1.5 (7.1.1 available)
  custom_lint_core 0.6.3 (0.8.2 available)
  dart_style 2.3.6 (3.1.9 available)
  dbus 0.7.12 (0.7.14 available)
  file_picker 8.3.7 (11.0.2 available)
  flutter_lints 3.0.2 (6.0.0 available)
  flutter_plugin_android_lifecycle 2.0.34 (2.0.35 available)
  flutter_riverpod 2.6.1 (3.3.1 available)
  flutter_secure_storage 9.2.4 (10.3.1 available)
  flutter_secure_storage_linux 1.2.3 (3.0.1 available)
  flutter_secure_storage_macos 3.1.3 (4.0.0 available)
  flutter_secure_storage_platform_interface 1.1.2 (2.0.1 available)
  flutter_secure_storage_web 1.2.1 (2.1.1 available)
  flutter_secure_storage_windows 3.1.2 (4.2.2 available)
  freezed 2.5.2 (3.2.5 available)
  freezed_annotation 2.4.4 (3.1.0 available)
  geolocator_linux 0.2.4 (0.2.5 available)
  go_router 13.2.5 (17.3.0 available)
  hooks 2.0.0 (2.0.2 available)
  image_picker_android 0.8.13+17 (0.8.13+19 available)
  js 0.6.7 (0.7.2 available)
  json_annotation 4.9.0 (4.12.0 available)
  json_serializable 6.8.0 (6.14.0 available)
  just_audio 0.9.46 (0.10.5 available)
  latlong2 0.9.1 (0.10.1 available)
  lints 3.0.0 (6.1.0 available)
  matcher 0.12.19 (0.12.20 available)
  meta 1.17.0 (1.18.3 available)
  package_info_plus 9.0.1 (10.1.0 available)
  package_info_plus_platform_interface 3.2.1 (4.1.0 available)
  protobuf 3.1.0 (6.0.0 available)
  qr 3.0.2 (4.0.0 available)
  record 5.2.1 (7.0.0 available)
  record_android 1.5.1 (2.0.1 available)
! record_linux 1.3.0 (overridden) (2.0.0 available)
  record_platform_interface 1.5.0 (2.0.0 available)
  record_web 1.3.0 (2.0.0 available)
  record_windows 1.0.7 (2.0.0 available)
  retrofit_generator 8.2.1 (10.2.6 available)
  riverpod 2.6.1 (3.2.1 available)
  riverpod_analyzer_utils 0.5.1 (0.5.10 available)
  riverpod_annotation 2.6.1 (4.0.2 available)
  riverpod_generator 2.4.0 (4.0.3 available)
  shelf_web_socket 2.0.1 (3.0.0 available)
  source_gen 1.5.0 (4.2.3 available)
  source_helper 1.3.5 (1.3.12 available)
  sqflite 2.4.2+1 (2.4.3 available)
  sqflite_android 2.4.2+3 (2.4.3 available)
  sqflite_common 2.5.8 (2.5.9 available)
  sqflite_darwin 2.4.2 (2.4.3 available)
  sqflite_platform_interface 2.4.0 (2.4.1 available)
  sse_channel 0.1.1 (0.2.2 available)
  synchronized 3.4.0+1 (3.4.1 available)
  test_api 0.7.10 (0.7.12 available)
  url_launcher_android 6.3.30 (6.3.32 available)
  vector_graphics_compiler 1.2.3 (1.2.5 available)
  vector_math 2.2.0 (2.4.0 available)
  win32 5.15.0 (6.3.0 available)
  xml 6.6.1 (7.0.1 available)
Got dependencies!
72 packages have newer versions incompatible with dependency constraints.
Try `flutter pub outdated` for more information.
Analyzing lib...

   info • The import of 'package:flutter/cupertino.dart' is unnecessary because all of the used elements are also provided by the import of 'package:flutter/material.dart' • lib/app/theme/theme.dart:2:8 • unnecessary_import
   info • Use 'const' with the constructor to improve performance • lib/features/auth/presentation/pages/tenant_select_page.dart:182:16 • prefer_const_constructors
   info • 'withOpacity' is deprecated and shouldn't be used. Use .withValues() to avoid precision loss • lib/features/auth/presentation/pages/tenant_select_page.dart:210:42 • deprecated_member_use
   info • 'localeId' is deprecated and shouldn't be used. Use SpeechListenOptions.localeId instead • lib/features/chat/domain/services/asr_service.dart:50:7 • deprecated_member_use
   info • Use 'const' with the constructor to improve performance • lib/features/chat/presentation/pages/favorites_page.dart:241:27 • prefer_const_constructors
   info • Use 'const' with the constructor to improve performance • lib/features/chat/presentation/pages/favorites_page.dart:241:54 • prefer_const_constructors
   info • Use 'const' with the constructor to improve performance • lib/features/chat/presentation/pages/favorites_page.dart:448:34 • prefer_const_constructors
   info • Use 'const' with the constructor to improve performance • lib/features/chat/presentation/pages/favorites_page.dart:585:40 • prefer_const_constructors
   info • Use 'const' with the constructor to improve performance • lib/features/chat/presentation/pages/favorites_page.dart:587:42 • prefer_const_constructors
   info • Use 'const' with the constructor to improve performance • lib/features/chat/presentation/pages/favorites_page.dart:703:11 • prefer_const_constructors
   info • Use 'const' with the constructor to improve performance • lib/features/chat/presentation/pages/favorites_page.dart:705:20 • prefer_const_constructors
   info • Use 'const' literals as arguments to constructors of '@immutable' classes • lib/features/chat/presentation/pages/favorites_page.dart:706:25 • prefer_const_literals_to_create_immutables
   info • Constructors in '@immutable' classes should be declared as 'const' • lib/features/chat/presentation/pages/favorites_page.dart:805:3 • prefer_const_constructors_in_immutables
   info • 'withOpacity' is deprecated and shouldn't be used. Use .withValues() to avoid precision loss • lib/features/chat/presentation/pages/group_announcement_page.dart:248:37 • deprecated_member_use
   info • 'activeColor' is deprecated and shouldn't be used. Use activeThumbColor instead. This feature was deprecated after v3.31.0-2.0.pre • lib/features/chat/presentation/pages/group_announcement_page.dart:476:15 • deprecated_member_use
   info • Use 'const' for final variables initialized to a constant value • lib/features/chat/presentation/pages/home_page.dart:203:5 • prefer_const_declarations
   info • Use 'const' with the constructor to improve performance • lib/features/chat/presentation/pages/home_page.dart:256:30 • prefer_const_constructors
   info • 'withOpacity' is deprecated and shouldn't be used. Use .withValues() to avoid precision loss • lib/features/chat/presentation/pages/home_page.dart:489:41 • deprecated_member_use
   info • Use 'const' with the constructor to improve performance • lib/features/chat/presentation/pages/home_page.dart:547:18 • prefer_const_constructors
   info • Use 'const' with the constructor to improve performance • lib/features/chat/presentation/pages/home_page.dart:551:13 • prefer_const_constructors
   info • 'withOpacity' is deprecated and shouldn't be used. Use .withValues() to avoid precision loss • lib/features/chat/presentation/pages/home_page.dart:588:33 • deprecated_member_use
   info • Use 'const' with the constructor to improve performance • lib/features/chat/presentation/pages/home_page.dart:606:30 • prefer_const_constructors
   info • Use 'const' with the constructor to improve performance • lib/features/chat/presentation/pages/home_page.dart:624:25 • prefer_const_constructors
   info • 'withOpacity' is deprecated and shouldn't be used. Use .withValues() to avoid precision loss • lib/features/chat/presentation/pages/home_page.dart:632:34 • deprecated_member_use
   info • Use 'const' with the constructor to improve performance • lib/features/chat/presentation/pages/home_page.dart:688:30 • prefer_const_constructors
   info • Use 'const' with the constructor to improve performance • lib/features/chat/presentation/pages/home_page.dart:701:29 • prefer_const_constructors
   info • Use 'const' with the constructor to improve performance • lib/features/chat/presentation/pages/home_page.dart:713:29 • prefer_const_constructors
   info • Use 'const' with the constructor to improve performance • lib/features/chat/presentation/pages/home_page.dart:857:19 • prefer_const_constructors
   info • 'withOpacity' is deprecated and shouldn't be used. Use .withValues() to avoid precision loss • lib/features/chat/presentation/pages/home_page.dart:866:28 • deprecated_member_use
   info • 'withOpacity' is deprecated and shouldn't be used. Use .withValues() to avoid precision loss • lib/features/chat/presentation/pages/home_page.dart:929:28 • deprecated_member_use
   info • 'withOpacity' is deprecated and shouldn't be used. Use .withValues() to avoid precision loss • lib/features/chat/presentation/pages/home_page.dart:933:32 • deprecated_member_use
   info • Use 'const' with the constructor to improve performance • lib/features/chat/presentation/pages/home_page.dart:935:23 • prefer_const_constructors
   info • 'withOpacity' is deprecated and shouldn't be used. Use .withValues() to avoid precision loss • lib/features/chat/presentation/pages/home_page.dart:946:62 • deprecated_member_use
   info • Use 'const' with the constructor to improve performance • lib/features/chat/presentation/pages/home_page.dart:961:32 • prefer_const_constructors
   info • Use 'const' with the constructor to improve performance • lib/features/chat/presentation/pages/home_page.dart:965:13 • prefer_const_constructors
   info • 'withOpacity' is deprecated and shouldn't be used. Use .withValues() to avoid precision loss • lib/features/chat/presentation/pages/home_page.dart:994:64 • deprecated_member_use
   info • Use 'const' with the constructor to improve performance • lib/features/chat/presentation/pages/home_page.dart:1080:14 • prefer_const_constructors
   info • Use 'const' with the constructor to improve performance • lib/features/chat/presentation/pages/home_page.dart:1081:25 • prefer_const_constructors
   info • Use 'const' with the constructor to improve performance • lib/features/chat/presentation/pages/home_page.dart:1081:52 • prefer_const_constructors
   info • Use 'const' with the constructor to improve performance • lib/features/chat/presentation/pages/home_page.dart:1086:13 • prefer_const_constructors
   info • Use 'const' with the constructor to improve performance • lib/features/chat/presentation/pages/home_page.dart:1093:13 • prefer_const_constructors
   info • 'withOpacity' is deprecated and shouldn't be used. Use .withValues() to avoid precision loss • lib/features/chat/presentation/pages/home_page.dart:1225:61 • deprecated_member_use
   info • Use 'const' with the constructor to improve performance • lib/features/chat/presentation/pages/home_page.dart:1226:13 • prefer_const_constructors
   info • 'withOpacity' is deprecated and shouldn't be used. Use .withValues() to avoid precision loss • lib/features/chat/presentation/pages/home_page.dart:1232:26 • deprecated_member_use
   info • Use 'const' with the constructor to improve performance • lib/features/chat/presentation/pages/home_page.dart:1256:22 • prefer_const_constructors
   info • 'withOpacity' is deprecated and shouldn't be used. Use .withValues() to avoid precision loss • lib/features/chat/presentation/pages/home_page.dart:1358:34 • deprecated_member_use
   info • Use 'const' with the constructor to improve performance • lib/features/chat/presentation/pages/home_page.dart:1359:25 • prefer_const_constructors
   info • 'withOpacity' is deprecated and shouldn't be used. Use .withValues() to avoid precision loss • lib/features/chat/presentation/pages/home_page.dart:1366:36 • deprecated_member_use
   info • Use 'const' with the constructor to improve performance • lib/features/chat/presentation/pages/home_page.dart:1418:14 • prefer_const_constructors
   info • Use 'const' with the constructor to improve performance • lib/features/chat/presentation/pages/home_page.dart:1419:18 • prefer_const_constructors
   info • Use 'const' with the constructor to improve performance • lib/features/chat/presentation/pages/home_page.dart:1420:16 • prefer_const_constructors
   info • Use 'const' with the constructor to improve performance • lib/features/chat/presentation/pages/home_page.dart:1421:20 • prefer_const_constructors
   info • 'withOpacity' is deprecated and shouldn't be used. Use .withValues() to avoid precision loss • lib/features/chat/presentation/pages/home_page.dart:1430:61 • deprecated_member_use
   info • Use 'const' with the constructor to improve performance • lib/features/chat/presentation/pages/home_page.dart:1435:18 • prefer_const_constructors
   info • 'withOpacity' is deprecated and shouldn't be used. Use .withValues() to avoid precision loss • lib/features/chat/presentation/pages/home_page.dart:1443:24 • deprecated_member_use
   info • The import of 'package:characters/characters.dart' is unnecessary because all of the used elements are also provided by the import of 'package:flutter/material.dart' • lib/features/chat/presentation/widgets/emoji_picker_panel.dart:1:8 • unnecessary_import
   info • Use 'const' with the constructor to improve performance • lib/features/chat/presentation/widgets/marketing_toolbar.dart:22:17 • prefer_const_constructors
   info • Use 'const' with the constructor to improve performance • lib/features/chat/presentation/widgets/marketing_toolbar.dart:22:29 • prefer_const_constructors
   info • Use 'const' with the constructor to improve performance • lib/features/chat/presentation/widgets/marketing_toolbar.dart:22:47 • prefer_const_constructors
   info • 'withOpacity' is deprecated and shouldn't be used. Use .withValues() to avoid precision loss • lib/features/chat/presentation/widgets/marketing_toolbar.dart:81:35 • deprecated_member_use
   info • Use 'const' with the constructor to improve performance • lib/features/chat/presentation/widgets/message_bubble.dart:146:30 • prefer_const_constructors
   info • 'withOpacity' is deprecated and shouldn't be used. Use .withValues() to avoid precision loss • lib/features/chat/presentation/widgets/message_bubble.dart:159:36 • deprecated_member_use
   info • Use 'const' with the constructor to improve performance • lib/features/chat/presentation/widgets/message_bubble.dart:205:30 • prefer_const_constructors
   info • 'withOpacity' is deprecated and shouldn't be used. Use .withValues() to avoid precision loss • lib/features/chat/presentation/widgets/message_bubble.dart:213:30 • deprecated_member_use
   info • Constructors in '@immutable' classes should be declared as 'const' • lib/features/chat/presentation/widgets/message_bubble.dart:296:3 • prefer_const_constructors_in_immutables
   info • 'withOpacity' is deprecated and shouldn't be used. Use .withValues() to avoid precision loss • lib/features/chat/presentation/widgets/message_bubble.dart:312:62 • deprecated_member_use
   info • 'withOpacity' is deprecated and shouldn't be used. Use .withValues() to avoid precision loss • lib/features/chat/presentation/widgets/message_bubble.dart:322:57 • deprecated_member_use
   info • Constructors in '@immutable' classes should be declared as 'const' • lib/features/chat/presentation/widgets/message_bubble.dart:347:3 • prefer_const_constructors_in_immutables
   info • Use 'const' with the constructor to improve performance • lib/features/chat/presentation/widgets/message_bubble.dart:356:16 • prefer_const_constructors
   info • 'withOpacity' is deprecated and shouldn't be used. Use .withValues() to avoid precision loss • lib/features/chat/presentation/widgets/message_bubble.dart:362:61 • deprecated_member_use
   info • Statements in an if should be enclosed in a block • lib/features/chat/presentation/widgets/message_bubble.dart:460:7 • curly_braces_in_flow_control_structures
   info • 'withOpacity' is deprecated and shouldn't be used. Use .withValues() to avoid precision loss • lib/features/chat/presentation/widgets/message_bubble.dart:502:37 • deprecated_member_use
   info • Use 'const' with the constructor to improve performance • lib/features/chat/presentation/widgets/message_bubble.dart:504:25 • prefer_const_constructors
   info • 'withOpacity' is deprecated and shouldn't be used. Use .withValues() to avoid precision loss • lib/features/chat/presentation/widgets/message_bubble.dart:524:61 • deprecated_member_use
   info • 'withOpacity' is deprecated and shouldn't be used. Use .withValues() to avoid precision loss • lib/features/chat/presentation/widgets/message_bubble.dart:539:61 • deprecated_member_use
   info • 'withOpacity' is deprecated and shouldn't be used. Use .withValues() to avoid precision loss • lib/features/chat/presentation/widgets/message_bubble.dart:549:30 • deprecated_member_use
   info • Use 'const' with the constructor to improve performance • lib/features/chat/presentation/widgets/message_bubble.dart:595:20 • prefer_const_constructors
   info • 'withOpacity' is deprecated and shouldn't be used. Use .withValues() to avoid precision loss • lib/features/chat/presentation/widgets/message_bubble.dart:605:28 • deprecated_member_use
   info • Use 'const' with the constructor to improve performance • lib/features/chat/presentation/widgets/message_bubble.dart:622:16 • prefer_const_constructors
   info • 'withOpacity' is deprecated and shouldn't be used. Use .withValues() to avoid precision loss • lib/features/chat/presentation/widgets/message_bubble.dart:627:60 • deprecated_member_use
   info • 'withOpacity' is deprecated and shouldn't be used. Use .withValues() to avoid precision loss • lib/features/chat/presentation/widgets/message_bubble.dart:687:56 • deprecated_member_use
   info • Use 'const' with the constructor to improve performance • lib/features/chat/presentation/widgets/message_bubble.dart:825:23 • prefer_const_constructors
   info • Use 'const' with the constructor to improve performance • lib/features/chat/presentation/widgets/message_bubble.dart:862:24 • prefer_const_constructors
   info • Use 'const' with the constructor to improve performance • lib/features/chat/presentation/widgets/message_bubble.dart:868:21 • prefer_const_constructors
   info • Use 'const' with the constructor to improve performance • lib/features/chat/presentation/widgets/message_bubble.dart:871:30 • prefer_const_constructors
   info • 'withOpacity' is deprecated and shouldn't be used. Use .withValues() to avoid precision loss • lib/features/chat/presentation/widgets/message_bubble.dart:882:32 • deprecated_member_use
   info • Use 'const' with the constructor to improve performance • lib/features/chat/presentation/widgets/message_bubble.dart:890:21 • prefer_const_constructors
   info • Use 'const' with the constructor to improve performance • lib/features/chat/presentation/widgets/message_bubble.dart:891:22 • prefer_const_constructors
   info • 'withOpacity' is deprecated and shouldn't be used. Use .withValues() to avoid precision loss • lib/features/chat/presentation/widgets/message_bubble.dart:901:63 • deprecated_member_use
   info • 'withOpacity' is deprecated and shouldn't be used. Use .withValues() to avoid precision loss • lib/features/chat/presentation/widgets/message_bubble.dart:972:62 • deprecated_member_use
   info • 'withOpacity' is deprecated and shouldn't be used. Use .withValues() to avoid precision loss • lib/features/chat/presentation/widgets/message_bubble.dart:1028:39 • deprecated_member_use
   info • Use 'const' with the constructor to improve performance • lib/features/chat/presentation/widgets/message_bubble.dart:1037:28 • prefer_const_constructors
   info • 'withOpacity' is deprecated and shouldn't be used. Use .withValues() to avoid precision loss • lib/features/chat/presentation/widgets/message_bubble.dart:1039:43 • deprecated_member_use
   info • 'withOpacity' is deprecated and shouldn't be used. Use .withValues() to avoid precision loss • lib/features/chat/presentation/widgets/message_bubble.dart:1104:52 • deprecated_member_use
   info • Use 'const' with the constructor to improve performance • lib/features/chat/presentation/widgets/message_bubble.dart:1110:17 • prefer_const_constructors
   info • Use 'const' with the constructor to improve performance • lib/features/chat/presentation/widgets/message_bubble.dart:1123:25 • prefer_const_constructors
   info • 'withOpacity' is deprecated and shouldn't be used. Use .withValues() to avoid precision loss • lib/features/chat/presentation/widgets/message_bubble.dart:1130:38 • deprecated_member_use
   info • Use 'const' with the constructor to improve performance • lib/features/chat/presentation/widgets/message_bubble.dart:1267:17 • prefer_const_constructors
   info • Use 'const' with the constructor to improve performance • lib/features/chat/presentation/widgets/message_bubble.dart:1268:18 • prefer_const_constructors
   info • 'withOpacity' is deprecated and shouldn't be used. Use .withValues() to avoid precision loss • lib/features/chat/presentation/widgets/message_bubble.dart:1270:31 • deprecated_member_use
   info • 'withOpacity' is deprecated and shouldn't be used. Use .withValues() to avoid precision loss • lib/features/chat/presentation/widgets/message_bubble.dart:1277:61 • deprecated_member_use
   info • Use 'const' with the constructor to improve performance • lib/features/chat/presentation/widgets/message_bubble.dart:1328:19 • prefer_const_constructors
   info • 'withOpacity' is deprecated and shouldn't be used. Use .withValues() to avoid precision loss • lib/features/chat/presentation/widgets/message_bubble.dart:1345:28 • deprecated_member_use
   info • Use 'const' with the constructor to improve performance • lib/features/chat/presentation/widgets/message_bubble.dart:1349:13 • prefer_const_constructors
   info • Use 'const' with the constructor to improve performance • lib/features/chat/presentation/widgets/message_bubble.dart:1349:39 • prefer_const_constructors
   info • Use 'const' with the constructor to improve performance • lib/features/chat/presentation/widgets/message_bubble.dart:1351:24 • prefer_const_constructors
   info • 'withOpacity' is deprecated and shouldn't be used. Use .withValues() to avoid precision loss • lib/features/chat/presentation/widgets/message_bubble.dart:1358:28 • deprecated_member_use
   info • 'withOpacity' is deprecated and shouldn't be used. Use .withValues() to avoid precision loss • lib/features/chat/presentation/widgets/message_bubble.dart:1421:61 • deprecated_member_use
   info • 'withOpacity' is deprecated and shouldn't be used. Use .withValues() to avoid precision loss • lib/features/chat/presentation/widgets/message_bubble.dart:1424:61 • deprecated_member_use
   info • 'withOpacity' is deprecated and shouldn't be used. Use .withValues() to avoid precision loss • lib/features/chat/presentation/widgets/message_bubble.dart:1430:61 • deprecated_member_use
   info • 'withOpacity' is deprecated and shouldn't be used. Use .withValues() to avoid precision loss • lib/features/chat/presentation/widgets/message_bubble.dart:1458:38 • deprecated_member_use
   info • Use 'const' with the constructor to improve performance • lib/features/chat/presentation/widgets/message_bubble.dart:1463:17 • prefer_const_constructors
   info • 'withOpacity' is deprecated and shouldn't be used. Use .withValues() to avoid precision loss • lib/features/chat/presentation/widgets/message_bubble.dart:1542:39 • deprecated_member_use
   info • 'withOpacity' is deprecated and shouldn't be used. Use .withValues() to avoid precision loss • lib/features/chat/presentation/widgets/message_bubble.dart:1575:36 • deprecated_member_use
   info • 'withOpacity' is deprecated and shouldn't be used. Use .withValues() to avoid precision loss • lib/features/chat/presentation/widgets/message_bubble.dart:1639:51 • deprecated_member_use
   info • 'withOpacity' is deprecated and shouldn't be used. Use .withValues() to avoid precision loss • lib/features/chat/presentation/widgets/message_bubble.dart:1663:22 • deprecated_member_use
   info • 'withOpacity' is deprecated and shouldn't be used. Use .withValues() to avoid precision loss • lib/features/chat/presentation/widgets/message_bubble.dart:1676:28 • deprecated_member_use
   info • 'withOpacity' is deprecated and shouldn't be used. Use .withValues() to avoid precision loss • lib/features/chat/presentation/widgets/message_context_menu.dart:105:41 • deprecated_member_use
   info • 'withOpacity' is deprecated and shouldn't be used. Use .withValues() to avoid precision loss • lib/features/notice/presentation/pages/notice_detail_page.dart:110:50 • deprecated_member_use
   info • 'withOpacity' is deprecated and shouldn't be used. Use .withValues() to avoid precision loss • lib/features/notice/presentation/pages/notice_detail_page.dart:152:54 • deprecated_member_use
   info • 'withOpacity' is deprecated and shouldn't be used. Use .withValues() to avoid precision loss • lib/features/notice/presentation/pages/notice_list_page.dart:190:35 • deprecated_member_use
   info • 'withOpacity' is deprecated and shouldn't be used. Use .withValues() to avoid precision loss • lib/features/notice/presentation/pages/notice_list_page.dart:249:60 • deprecated_member_use
   info • 'withOpacity' is deprecated and shouldn't be used. Use .withValues() to avoid precision loss • lib/features/notice/presentation/pages/notice_list_page.dart:316:60 • deprecated_member_use
   info • Constructors in '@immutable' classes should be declared as 'const' • lib/features/profile/presentation/pages/my_profile_page.dart:189:3 • prefer_const_constructors_in_immutables
   info • Use 'const' with the constructor to improve performance • lib/features/profile/presentation/pages/my_profile_page.dart:377:9 • prefer_const_constructors
   info • 'withOpacity' is deprecated and shouldn't be used. Use .withValues() to avoid precision loss • lib/features/profile/presentation/pages/my_profile_page.dart:386:61 • deprecated_member_use
   info • Use 'const' with the constructor to improve performance • lib/features/profile/presentation/pages/my_profile_page.dart:478:15 • prefer_const_constructors
   info • Use 'const' with the constructor to improve performance • lib/features/profile/presentation/pages/my_profile_page.dart:484:15 • prefer_const_constructors
   info • Use 'const' with the constructor to improve performance • lib/features/profile/presentation/pages/my_profile_page.dart:604:30 • prefer_const_constructors
   info • Use 'const' with the constructor to improve performance • lib/features/profile/presentation/pages/my_profile_page.dart:668:24 • prefer_const_constructors
   info • Use 'const' with the constructor to improve performance • lib/features/profile/presentation/pages/my_profile_page.dart:669:22 • prefer_const_constructors
   info • 'withOpacity' is deprecated and shouldn't be used. Use .withValues() to avoid precision loss • lib/features/profile/presentation/pages/my_profile_page.dart:675:63 • deprecated_member_use
   info • Constructors in '@immutable' classes should be declared as 'const' • lib/features/profile/presentation/pages/my_profile_page.dart:791:3 • prefer_const_constructors_in_immutables
   info • Use 'const' with the constructor to improve performance • lib/features/profile/presentation/pages/my_profile_page.dart:796:16 • prefer_const_constructors
   info • 'withOpacity' is deprecated and shouldn't be used. Use .withValues() to avoid precision loss • lib/features/profile/presentation/pages/my_profile_page.dart:800:62 • deprecated_member_use
   info • Constructors in '@immutable' classes should be declared as 'const' • lib/features/profile/presentation/pages/my_profile_page.dart:808:3 • prefer_const_constructors_in_immutables
   info • Use 'const' with the constructor to improve performance • lib/features/profile/presentation/pages/my_profile_page.dart:854:16 • prefer_const_constructors
   info • 'withOpacity' is deprecated and shouldn't be used. Use .withValues() to avoid precision loss • lib/features/profile/presentation/pages/my_profile_page.dart:876:34 • deprecated_member_use
   info • 'withOpacity' is deprecated and shouldn't be used. Use .withValues() to avoid precision loss • lib/features/profile/presentation/pages/my_profile_page.dart:889:28 • deprecated_member_use
   info • Statements in an if should be enclosed in a block • lib/features/profile/presentation/pages/my_profile_page.dart:995:9 • curly_braces_in_flow_control_structures
   info • 'withOpacity' is deprecated and shouldn't be used. Use .withValues() to avoid precision loss • lib/features/profile/presentation/pages/my_profile_page.dart:1018:24 • deprecated_member_use
   info • Use 'const' with the constructor to improve performance • lib/features/profile/presentation/pages/my_profile_page.dart:1036:19 • prefer_const_constructors
   info • Use 'const' with the constructor to improve performance • lib/features/profile/presentation/pages/my_profile_page.dart:1037:28 • prefer_const_constructors
   info • Use 'const' with the constructor to improve performance • lib/features/profile/presentation/pages/my_profile_page.dart:1046:11 • prefer_const_constructors
   info • 'withOpacity' is deprecated and shouldn't be used. Use .withValues() to avoid precision loss • lib/features/profile/presentation/pages/my_profile_page.dart:1063:26 • deprecated_member_use
   info • 'withOpacity' is deprecated and shouldn't be used. Use .withValues() to avoid precision loss • lib/features/profile/presentation/pages/my_profile_page.dart:1069:26 • deprecated_member_use
   info • Statements in an if should be enclosed in a block • lib/features/profile/presentation/pages/my_profile_page.dart:1134:9 • curly_braces_in_flow_control_structures
   info • 'withOpacity' is deprecated and shouldn't be used. Use .withValues() to avoid precision loss • lib/features/profile/presentation/pages/my_profile_page.dart:1157:24 • deprecated_member_use
   info • Use 'const' with the constructor to improve performance • lib/features/profile/presentation/pages/my_profile_page.dart:1186:11 • prefer_const_constructors
   info • Use 'const' with the constructor to improve performance • lib/features/profile/presentation/pages/my_profile_page.dart:1189:22 • prefer_const_constructors
   info • 'withOpacity' is deprecated and shouldn't be used. Use .withValues() to avoid precision loss • lib/features/profile/presentation/pages/my_profile_page.dart:1202:26 • deprecated_member_use
   info • 'withOpacity' is deprecated and shouldn't be used. Use .withValues() to avoid precision loss • lib/features/profile/presentation/pages/my_profile_page.dart:1208:26 • deprecated_member_use
   info • Use 'const' with the constructor to improve performance • lib/features/profile/presentation/pages/my_profile_page.dart:1214:22 • prefer_const_constructors
   info • 'withOpacity' is deprecated and shouldn't be used. Use .withValues() to avoid precision loss • lib/features/profile/presentation/pages/my_profile_page.dart:1222:26 • deprecated_member_use
   info • Use 'const' with the constructor to improve performance • lib/features/profile/presentation/pages/my_profile_page.dart:1223:17 • prefer_const_constructors
   info • 'withOpacity' is deprecated and shouldn't be used. Use .withValues() to avoid precision loss • lib/features/profile/presentation/pages/my_profile_page.dart:1231:32 • deprecated_member_use
   info • Statements in an if should be enclosed in a block • lib/features/profile/presentation/pages/my_profile_page.dart:1307:9 • curly_braces_in_flow_control_structures
   info • 'withOpacity' is deprecated and shouldn't be used. Use .withValues() to avoid precision loss • lib/features/profile/presentation/pages/my_profile_page.dart:1330:24 • deprecated_member_use
   info • Use 'const' with the constructor to improve performance • lib/features/profile/presentation/pages/my_profile_page.dart:1405:16 • prefer_const_constructors
   info • 'withOpacity' is deprecated and shouldn't be used. Use .withValues() to avoid precision loss • lib/features/profile/presentation/pages/my_profile_page.dart:1428:26 • deprecated_member_use
   info • 'withOpacity' is deprecated and shouldn't be used. Use .withValues() to avoid precision loss • lib/features/profile/presentation/pages/my_profile_page.dart:1438:28 • deprecated_member_use
   info • 'withOpacity' is deprecated and shouldn't be used. Use .withValues() to avoid precision loss • lib/features/settings/presentation/pages/auto_translate_page.dart:124:54 • deprecated_member_use
   info • Use 'const' literals as arguments to constructors of '@immutable' classes • lib/features/space/presentation/pages/enterprise_invite_page.dart:83:28 • prefer_const_literals_to_create_immutables
   info • Use 'const' with the constructor to improve performance • lib/features/space/presentation/pages/enterprise_invite_page.dart:84:23 • prefer_const_constructors
   info • Use 'const' with the constructor to improve performance • lib/features/space/presentation/pages/enterprise_invite_page.dart:85:23 • prefer_const_constructors
   info • Use 'const' with the constructor to improve performance • lib/features/space/presentation/pages/enterprise_invite_page.dart:86:23 • prefer_const_constructors
   info • Use 'const' with the constructor to improve performance • lib/features/space/presentation/pages/enterprise_invite_page.dart:87:23 • prefer_const_constructors

167 issues found. (ran in 2.4s)
PASS flutter analyze (4s)
