Resolving dependencies...
Downloading packages...
  _fe_analyzer_shared 67.0.0 (104.0.0 available)
  analyzer 6.4.1 (14.0.0 available)
  analyzer_plugin 0.11.3 (0.14.13 available)
  audio_session 0.1.25 (0.2.4 available)
  audioplayers 6.6.0 (6.8.1 available)
  audioplayers_android 5.2.1 (5.3.0 available)
  audioplayers_darwin 6.4.0 (6.5.0 available)
  audioplayers_linux 4.2.1 (4.3.0 available)
  audioplayers_platform_interface 7.1.1 (7.2.0 available)
  audioplayers_web 5.2.0 (5.3.0 available)
  audioplayers_windows 4.3.0 (4.4.1 available)
  build 2.4.1 (4.0.6 available)
  build_config 1.1.2 (1.3.0 available)
  build_resolvers 2.4.2 (3.0.4 available)
  build_runner 2.4.13 (2.15.0 available)
  build_runner_core 7.3.2 (9.3.2 available)
  camera_android_camerax 0.7.2 (0.7.2+1 available)
  camera_web 0.3.5+3 (0.3.5+4 available)
  code_assets 1.1.0 (1.2.1 available)
  connectivity_plus 6.1.5 (7.2.0 available)
  cross_file 0.3.5+2 (0.3.5+3 available)
  custom_lint_core 0.6.3 (0.8.2 available)
  dart_style 2.3.6 (3.1.9 available)
  dbus 0.7.12 (0.7.14 available)
  dio 5.9.2 (5.10.0 available)
  dio_web_adapter 2.1.2 (2.2.0 available)
  file_picker 8.3.7 (11.0.2 available)
  flutter_lints 3.0.2 (6.0.0 available)
  flutter_local_notifications 21.0.0 (22.0.1 available)
  flutter_local_notifications_linux 8.0.0 (8.0.1 available)
  flutter_local_notifications_platform_interface 11.0.0 (12.0.0 available)
  flutter_local_notifications_windows 3.0.0 (3.1.1 available)
  flutter_plugin_android_lifecycle 2.0.34 (2.0.35 available)
  flutter_riverpod 2.6.1 (3.3.2 available)
  flutter_secure_storage 9.2.4 (10.3.1 available)
  flutter_secure_storage_linux 1.2.3 (3.0.1 available)
  flutter_secure_storage_macos 3.1.3 (4.0.0 available)
  flutter_secure_storage_platform_interface 1.1.2 (2.0.1 available)
  flutter_secure_storage_web 1.2.1 (2.1.1 available)
  flutter_secure_storage_windows 3.1.2 (4.2.2 available)
  flutter_webrtc 1.4.1 (1.5.2 available)
  freezed 2.5.2 (3.2.5 available)
  freezed_annotation 2.4.4 (3.1.0 available)
  geolocator 14.0.2 (14.0.3 available)
  geolocator_android 5.0.2 (5.0.3 available)
  geolocator_apple 2.3.13 (2.3.14 available)
  geolocator_linux 0.2.4 (0.2.6 available)
  geolocator_platform_interface 4.2.6 (4.2.8 available)
  geolocator_web 4.1.3 (4.1.4 available)
  go_router 13.2.5 (17.3.0 available)
  hooks 2.0.0 (2.0.2 available)
  image_picker_android 0.8.13+17 (0.8.13+19 available)
  intl 0.20.2 (0.20.3 available)
  js 0.6.7 (0.7.2 available)
  json_annotation 4.9.0 (4.12.0 available)
  json_serializable 6.8.0 (6.14.0 available)
  just_audio 0.9.46 (0.10.6 available)
  latlong2 0.9.1 (0.10.1 available)
  lints 3.0.0 (6.1.0 available)
  matcher 0.12.19 (0.12.20 available)
  meta 1.17.0 (1.18.3 available)
  package_config 2.2.0 (3.0.0 available)
  package_info_plus 9.0.1 (10.2.0 available)
  package_info_plus_platform_interface 3.2.1 (4.1.0 available)
  path_provider 2.1.5 (2.1.6 available)
  path_provider_linux 2.2.1 (2.2.2 available)
  path_provider_platform_interface 2.1.2 (2.1.3 available)
  protobuf 3.1.0 (6.0.0 available)
  qr 3.0.2 (4.0.0 available)
  record 5.2.1 (7.1.1 available)
  record_android 1.5.1 (2.1.2 available)
! record_linux 1.3.0 (overridden) (2.1.0 available)
  record_platform_interface 1.5.0 (2.1.0 available)
  record_web 1.3.0 (2.1.1 available)
  record_windows 1.0.7 (2.2.0 available)
  retrofit_generator 8.2.1 (10.2.7 available)
  riverpod 2.6.1 (3.3.2 available)
  riverpod_analyzer_utils 0.5.1 (0.5.10 available)
  riverpod_annotation 2.6.1 (4.0.3 available)
  riverpod_generator 2.4.0 (4.0.4 available)
  shelf_web_socket 2.0.1 (3.0.0 available)
  source_gen 1.5.0 (4.2.3 available)
  source_helper 1.3.5 (1.3.12 available)
  sqflite 2.4.2+1 (2.4.3 available)
  sqflite_android 2.4.2+3 (2.4.3 available)
  sqflite_common 2.5.8 (2.5.11 available)
  sqflite_darwin 2.4.2 (2.4.3+1 available)
  sqflite_platform_interface 2.4.0 (2.4.1 available)
  sse_channel 0.1.1 (0.2.2 available)
  synchronized 3.4.0+1 (3.4.1 available)
  test_api 0.7.10 (0.7.13 available)
  timezone 0.11.0 (0.11.1 available)
  url_launcher_android 6.3.30 (6.3.32 available)
  vector_graphics_compiler 1.2.3 (1.2.6 available)
  vector_math 2.2.0 (2.4.0 available)
  win32 5.15.0 (6.3.0 available)
  xml 6.6.1 (7.0.1 available)
Got dependencies!
97 packages have newer versions incompatible with dependency constraints.
Try `flutter pub outdated` for more information.
Running Gradle task 'assembleRelease'...                        
Expected to find fonts for (packages/cupertino_icons/CupertinoIcons, MaterialIcons), but found (MaterialIcons). This usually means you are referring to font families in an IconData class but not including them in the assets section of your pubspec.yaml, are missing the package that would include them, or are missing "uses-material-design: true".
Font asset "MaterialIcons-Regular.otf" was tree-shaken, reducing it from 1645184 to 30684 bytes (98.1% reduction). Tree-shaking can be disabled by providing the --no-tree-shake-icons flag when building your app.
Running Gradle task 'assembleRelease'...                            7.5s
✓ Built build/app/outputs/flutter-apk/app-release.apk (132.6MB)
